[debug] [2022-04-14T19:18:58.049Z] ----------------------------------------------------------------------
[debug] [2022-04-14T19:18:58.052Z] Command:       C:\Program Files\nodejs\node.exe C:\Users\dy1007\AppData\Roaming\npm\node_modules\firebase-tools\lib\bin\firebase.js deploy
[debug] [2022-04-14T19:18:58.052Z] CLI Version:   10.6.0
[debug] [2022-04-14T19:18:58.052Z] Platform:      win32
[debug] [2022-04-14T19:18:58.052Z] Node Version:  v15.8.0
[debug] [2022-04-14T19:18:58.053Z] Time:          Thu Apr 14 2022 14:18:58 GMT-0500 (hora estándar de Colombia)
[debug] [2022-04-14T19:18:58.053Z] ----------------------------------------------------------------------
[debug] 
[debug] [2022-04-14T19:18:58.133Z] >>> [apiv2][query] GET https://firebase.googleapis.com/v1beta1/projects/undefined [none]
[debug] [2022-04-14T19:18:58.679Z] <<< [apiv2][status] GET https://firebase.googleapis.com/v1beta1/projects/undefined 403
[debug] [2022-04-14T19:18:58.680Z] <<< [apiv2][body] GET https://firebase.googleapis.com/v1beta1/projects/undefined {"error":{"code":403,"message":"The caller does not have permission","status":"PERMISSION_DENIED"}}
[debug] [2022-04-14T19:18:58.681Z] HTTP Error: 403, The caller does not have permission
[debug] [2022-04-14T19:18:58.942Z] FirebaseError: HTTP Error: 403, The caller does not have permission
    at module.exports (C:\Users\dy1007\AppData\Roaming\npm\node_modules\firebase-tools\lib\responseToError.js:47:12)
    at RetryOperation._fn (C:\Users\dy1007\AppData\Roaming\npm\node_modules\firebase-tools\lib\apiv2.js:286:39)
    at processTicksAndRejections (node:internal/process/task_queues:94:5)
[error] 
[error] Error: Failed to get Firebase project undefined. Please make sure the project exists and your account has permission to access it.
[debug] [2022-04-14T19:20:26.103Z] ----------------------------------------------------------------------
[debug] [2022-04-14T19:20:26.105Z] Command:       C:\Program Files\nodejs\node.exe C:\Users\dy1007\AppData\Roaming\npm\node_modules\firebase-tools\lib\bin\firebase.js deploy
[debug] [2022-04-14T19:20:26.105Z] CLI Version:   10.6.0
[debug] [2022-04-14T19:20:26.106Z] Platform:      win32
[debug] [2022-04-14T19:20:26.106Z] Node Version:  v15.8.0
[debug] [2022-04-14T19:20:26.107Z] Time:          Thu Apr 14 2022 14:20:26 GMT-0500 (hora estándar de Colombia)
[debug] [2022-04-14T19:20:26.107Z] ----------------------------------------------------------------------
[debug] 
[debug] [2022-04-14T19:20:26.188Z] >>> [apiv2][query] GET https://firebase.googleapis.com/v1beta1/projects/undefined [none]
[debug] [2022-04-14T19:20:26.712Z] <<< [apiv2][status] GET https://firebase.googleapis.com/v1beta1/projects/undefined 403
[debug] [2022-04-14T19:20:26.712Z] <<< [apiv2][body] GET https://firebase.googleapis.com/v1beta1/projects/undefined {"error":{"code":403,"message":"The caller does not have permission","status":"PERMISSION_DENIED"}}
[debug] [2022-04-14T19:20:26.713Z] HTTP Error: 403, The caller does not have permission
[debug] [2022-04-14T19:20:27.017Z] FirebaseError: HTTP Error: 403, The caller does not have permission
    at module.exports (C:\Users\dy1007\AppData\Roaming\npm\node_modules\firebase-tools\lib\responseToError.js:47:12)
    at RetryOperation._fn (C:\Users\dy1007\AppData\Roaming\npm\node_modules\firebase-tools\lib\apiv2.js:286:39)
    at processTicksAndRejections (node:internal/process/task_queues:94:5)
[error] 
[error] Error: Failed to get Firebase project undefined. Please make sure the project exists and your account has permission to access it.
